<?xml version="1.0" encoding="UTF-8"?>
<!-- Generated by org.testng.reporters.JUnitReportReporter -->
<testsuite skipped="0" hostname="Guillermos-MacBook-Pro.local" name="engine.AvanticaBDDTrainingRunner" tests="1" failures="0" timestamp="13 Jun 2019 06:59:37 GMT" time="0.004" errors="0">
  <testcase name="TestRunnerExample" time="0.004" classname="engine.AvanticaBDDTrainingRunner"/>
</testsuite> <!-- engine.AvanticaBDDTrainingRunner -->
